Checking Ctyhon
OK!
Checking CtyhonGSL
OK!
You are using Python3, you are a wise person!
['gsl', 'gslcblas'] /usr/local/Cellar/gsl/2.4/lib /usr/local/Cellar/gsl/2.4/include /Users/Giuliano/anaconda3/lib/python3.6/site-packages/numpy/core/include
Warning: Extension name 'discH/src/pot_halo/pot_c_ext/general_halo' does not match fully qualified name 'discH.src.pot_halo.pot_c_ext.general_halo' of 'discH/src/pot_halo/pot_c_ext/general_halo.pyx'
Warning: Extension name 'discH/src/pot_halo/pot_c_ext/isothermal_halo' does not match fully qualified name 'discH.src.pot_halo.pot_c_ext.isothermal_halo' of 'discH/src/pot_halo/pot_c_ext/isothermal_halo.pyx'
Warning: Extension name 'discH/src/pot_halo/pot_c_ext/nfw_halo' does not match fully qualified name 'discH.src.pot_halo.pot_c_ext.nfw_halo' of 'discH/src/pot_halo/pot_c_ext/nfw_halo.pyx'
Warning: Extension name 'discH/src/pot_disc/pot_c_ext/integrand_functions' does not match fully qualified name 'discH.src.pot_disc.pot_c_ext.integrand_functions' of 'discH/src/pot_disc/pot_c_ext/integrand_functions.pyx'
Warning: Extension name 'discH/src/pot_disc/pot_c_ext/rdens_law' does not match fully qualified name 'discH.src.pot_disc.pot_c_ext.rdens_law' of 'discH/src/pot_disc/pot_c_ext/rdens_law.pyx'
Warning: Extension name 'discH/src/pot_disc/pot_c_ext/rflare_law' does not match fully qualified name 'discH.src.pot_disc.pot_c_ext.rflare_law' of 'discH/src/pot_disc/pot_c_ext/rflare_law.pyx'
Warning: Extension name 'discH/src/pot_halo/pot_c_ext/alfabeta_halo' does not match fully qualified name 'discH.src.pot_halo.pot_c_ext.alfabeta_halo' of 'discH/src/pot_halo/pot_c_ext/alfabeta_halo.pyx'
Warning: Extension name 'discH/src/pot_halo/pot_c_ext/plummer_halo' does not match fully qualified name 'discH.src.pot_halo.pot_c_ext.plummer_halo' of 'discH/src/pot_halo/pot_c_ext/plummer_halo.pyx'
Warning: Extension name 'discH/src/pot_halo/pot_c_ext/einasto_halo' does not match fully qualified name 'discH.src.pot_halo.pot_c_ext.einasto_halo' of 'discH/src/pot_halo/pot_c_ext/einasto_halo.pyx'
Warning: Extension name 'discH/src/pot_halo/pot_c_ext/valy_halo' does not match fully qualified name 'discH.src.pot_halo.pot_c_ext.valy_halo' of 'discH/src/pot_halo/pot_c_ext/valy_halo.pyx'
Warning: Extension name 'discH/src/pot_disc/pot_c_ext/zdens_law' does not match fully qualified name 'discH.src.pot_disc.pot_c_ext.zdens_law' of 'discH/src/pot_disc/pot_c_ext/zdens_law.pyx'
Warning: Extension name 'discH/src/pot_disc/pot_c_ext/integrand_vcirc' does not match fully qualified name 'discH.src.pot_disc.pot_c_ext.integrand_vcirc' of 'discH/src/pot_disc/pot_c_ext/integrand_vcirc.pyx'
Compiling discH/src/pot_halo/pot_c_ext/valy_halo.pyx because it changed.
[1/1] Cythonizing discH/src/pot_halo/pot_c_ext/valy_halo.pyx
running install
running bdist_egg
running egg_info
creating discH.egg-info
writing discH.egg-info/PKG-INFO
writing dependency_links to discH.egg-info/dependency_links.txt
writing requirements to discH.egg-info/requires.txt
writing top-level names to discH.egg-info/top_level.txt
writing manifest file 'discH.egg-info/SOURCES.txt'
reading manifest file 'discH.egg-info/SOURCES.txt'
writing manifest file 'discH.egg-info/SOURCES.txt'
installing library code to build/bdist.macosx-10.7-x86_64/egg
running install_lib
running build_py
creating build
creating build/lib.macosx-10.7-x86_64-3.6
creating build/lib.macosx-10.7-x86_64-3.6/discH
copying discH/__init__.py -> build/lib.macosx-10.7-x86_64-3.6/discH
copying discH/dynamic_component.py -> build/lib.macosx-10.7-x86_64-3.6/discH
copying discH/dynamics.py -> build/lib.macosx-10.7-x86_64-3.6/discH
creating build/lib.macosx-10.7-x86_64-3.6/discH/src
copying discH/src/__init__.py -> build/lib.macosx-10.7-x86_64-3.6/discH/src
creating build/lib.macosx-10.7-x86_64-3.6/discH/src/pot_halo
copying discH/src/pot_halo/__init__.py -> build/lib.macosx-10.7-x86_64-3.6/discH/src/pot_halo
copying discH/src/pot_halo/pot_halo.py -> build/lib.macosx-10.7-x86_64-3.6/discH/src/pot_halo
creating build/lib.macosx-10.7-x86_64-3.6/discH/src/pot_halo/pot_c_ext
copying discH/src/pot_halo/pot_c_ext/__init__.py -> build/lib.macosx-10.7-x86_64-3.6/discH/src/pot_halo/pot_c_ext
creating build/lib.macosx-10.7-x86_64-3.6/discH/src/pardo
copying discH/src/pardo/__init__.py -> build/lib.macosx-10.7-x86_64-3.6/discH/src/pardo
copying discH/src/pardo/Pardo.py -> build/lib.macosx-10.7-x86_64-3.6/discH/src/pardo
creating build/lib.macosx-10.7-x86_64-3.6/discH/src/pot_disc
copying discH/src/pot_disc/__init__.py -> build/lib.macosx-10.7-x86_64-3.6/discH/src/pot_disc
copying discH/src/pot_disc/pot_disc.py -> build/lib.macosx-10.7-x86_64-3.6/discH/src/pot_disc
creating build/lib.macosx-10.7-x86_64-3.6/discH/src/pot_disc/pot_c_ext
copying discH/src/pot_disc/pot_c_ext/__init__.py -> build/lib.macosx-10.7-x86_64-3.6/discH/src/pot_disc/pot_c_ext
copying discH/src/pot_disc/pot_c_ext/model_option.py -> build/lib.macosx-10.7-x86_64-3.6/discH/src/pot_disc/pot_c_ext
creating build/lib.macosx-10.7-x86_64-3.6/discH/src/galpotential
copying discH/src/galpotential/__init__.py -> build/lib.macosx-10.7-x86_64-3.6/discH/src/galpotential
copying discH/src/galpotential/galpotential.py -> build/lib.macosx-10.7-x86_64-3.6/discH/src/galpotential
creating build/lib.macosx-10.7-x86_64-3.6/discH/src/discHeight
copying discH/src/discHeight/__init__.py -> build/lib.macosx-10.7-x86_64-3.6/discH/src/discHeight
copying discH/src/discHeight/discHeight.py -> build/lib.macosx-10.7-x86_64-3.6/discH/src/discHeight
creating build/lib.macosx-10.7-x86_64-3.6/discH/src/discHeight/c_ext
copying discH/src/discHeight/c_ext/__init__.py -> build/lib.macosx-10.7-x86_64-3.6/discH/src/discHeight/c_ext
copying discH/src/discHeight/c_ext/fitlib.py -> build/lib.macosx-10.7-x86_64-3.6/discH/src/discHeight/c_ext
copying discH/src/discHeight/c_ext/utility.py -> build/lib.macosx-10.7-x86_64-3.6/discH/src/discHeight/c_ext
creating build/lib.macosx-10.7-x86_64-3.6/discH/src/fitlib
copying discH/src/fitlib/__init__.py -> build/lib.macosx-10.7-x86_64-3.6/discH/src/fitlib
copying discH/src/fitlib/fitlib.py -> build/lib.macosx-10.7-x86_64-3.6/discH/src/fitlib
running build_ext
building 'discH/src/pot_halo/pot_c_ext/general_halo' extension
creating build/temp.macosx-10.7-x86_64-3.6
creating build/temp.macosx-10.7-x86_64-3.6/discH
creating build/temp.macosx-10.7-x86_64-3.6/discH/src
creating build/temp.macosx-10.7-x86_64-3.6/discH/src/pot_halo
creating build/temp.macosx-10.7-x86_64-3.6/discH/src/pot_halo/pot_c_ext
gcc-7 -Wno-unused-result -Wsign-compare -Wunreachable-code -DNDEBUG -g -fwrapv -O3 -Wall -Wstrict-prototypes -I/Users/Giuliano/anaconda3/include -arch x86_64 -I/Users/Giuliano/anaconda3/include -arch x86_64 -I/Users/Giuliano/anaconda3/lib/python3.6/site-packages/numpy/core/include -I/usr/local/Cellar/gsl/2.4/include -I/Users/Giuliano/anaconda3/include/python3.6m -c discH/src/pot_halo/pot_c_ext/general_halo.c -o build/temp.macosx-10.7-x86_64-3.6/discH/src/pot_halo/pot_c_ext/general_halo.o
gcc-7 -bundle -undefined dynamic_lookup -L/Users/Giuliano/anaconda3/lib -arch x86_64 -L/Users/Giuliano/anaconda3/lib -arch x86_64 -arch x86_64 build/temp.macosx-10.7-x86_64-3.6/discH/src/pot_halo/pot_c_ext/general_halo.o -o build/lib.macosx-10.7-x86_64-3.6/discH/src/pot_halo/pot_c_ext/general_halo.so
building 'discH/src/pot_halo/pot_c_ext/isothermal_halo' extension
gcc-7 -Wno-unused-result -Wsign-compare -Wunreachable-code -DNDEBUG -g -fwrapv -O3 -Wall -Wstrict-prototypes -I/Users/Giuliano/anaconda3/include -arch x86_64 -I/Users/Giuliano/anaconda3/include -arch x86_64 -I/Users/Giuliano/anaconda3/lib/python3.6/site-packages/numpy/core/include -I/usr/local/Cellar/gsl/2.4/include -I/Users/Giuliano/anaconda3/include/python3.6m -c discH/src/pot_halo/pot_c_ext/isothermal_halo.c -o build/temp.macosx-10.7-x86_64-3.6/discH/src/pot_halo/pot_c_ext/isothermal_halo.o
gcc-7 -bundle -undefined dynamic_lookup -L/Users/Giuliano/anaconda3/lib -arch x86_64 -L/Users/Giuliano/anaconda3/lib -arch x86_64 -arch x86_64 build/temp.macosx-10.7-x86_64-3.6/discH/src/pot_halo/pot_c_ext/isothermal_halo.o -o build/lib.macosx-10.7-x86_64-3.6/discH/src/pot_halo/pot_c_ext/isothermal_halo.so
building 'discH/src/pot_halo/pot_c_ext/nfw_halo' extension
gcc-7 -Wno-unused-result -Wsign-compare -Wunreachable-code -DNDEBUG -g -fwrapv -O3 -Wall -Wstrict-prototypes -I/Users/Giuliano/anaconda3/include -arch x86_64 -I/Users/Giuliano/anaconda3/include -arch x86_64 -I/Users/Giuliano/anaconda3/lib/python3.6/site-packages/numpy/core/include -I/usr/local/Cellar/gsl/2.4/include -I/Users/Giuliano/anaconda3/include/python3.6m -c discH/src/pot_halo/pot_c_ext/nfw_halo.c -o build/temp.macosx-10.7-x86_64-3.6/discH/src/pot_halo/pot_c_ext/nfw_halo.o
gcc-7 -bundle -undefined dynamic_lookup -L/Users/Giuliano/anaconda3/lib -arch x86_64 -L/Users/Giuliano/anaconda3/lib -arch x86_64 -arch x86_64 build/temp.macosx-10.7-x86_64-3.6/discH/src/pot_halo/pot_c_ext/nfw_halo.o -o build/lib.macosx-10.7-x86_64-3.6/discH/src/pot_halo/pot_c_ext/nfw_halo.so
building 'discH/src/pot_disc/pot_c_ext/integrand_functions' extension
creating build/temp.macosx-10.7-x86_64-3.6/discH/src/pot_disc
creating build/temp.macosx-10.7-x86_64-3.6/discH/src/pot_disc/pot_c_ext
gcc-7 -Wno-unused-result -Wsign-compare -Wunreachable-code -DNDEBUG -g -fwrapv -O3 -Wall -Wstrict-prototypes -I/Users/Giuliano/anaconda3/include -arch x86_64 -I/Users/Giuliano/anaconda3/include -arch x86_64 -I/Users/Giuliano/anaconda3/lib/python3.6/site-packages -I/Users/Giuliano/anaconda3/lib/python3.6/site-packages/numpy/core/include -I/Users/Giuliano/anaconda3/lib/python3.6/site-packages/numpy/core/include -I/usr/local/Cellar/gsl/2.4/include -I/Users/Giuliano/anaconda3/include/python3.6m -c discH/src/pot_disc/pot_c_ext/integrand_functions.c -o build/temp.macosx-10.7-x86_64-3.6/discH/src/pot_disc/pot_c_ext/integrand_functions.o
gcc-7 -bundle -undefined dynamic_lookup -L/Users/Giuliano/anaconda3/lib -arch x86_64 -L/Users/Giuliano/anaconda3/lib -arch x86_64 -arch x86_64 build/temp.macosx-10.7-x86_64-3.6/discH/src/pot_disc/pot_c_ext/integrand_functions.o -L/usr/local/Cellar/gsl/2.4/lib -lgsl -lgslcblas -o build/lib.macosx-10.7-x86_64-3.6/discH/src/pot_disc/pot_c_ext/integrand_functions.so
building 'discH/src/pot_disc/pot_c_ext/rdens_law' extension
gcc-7 -Wno-unused-result -Wsign-compare -Wunreachable-code -DNDEBUG -g -fwrapv -O3 -Wall -Wstrict-prototypes -I/Users/Giuliano/anaconda3/include -arch x86_64 -I/Users/Giuliano/anaconda3/include -arch x86_64 -I/Users/Giuliano/anaconda3/lib/python3.6/site-packages/numpy/core/include -I/usr/local/Cellar/gsl/2.4/include -I/Users/Giuliano/anaconda3/include/python3.6m -c discH/src/pot_disc/pot_c_ext/rdens_law.c -o build/temp.macosx-10.7-x86_64-3.6/discH/src/pot_disc/pot_c_ext/rdens_law.o
gcc-7 -bundle -undefined dynamic_lookup -L/Users/Giuliano/anaconda3/lib -arch x86_64 -L/Users/Giuliano/anaconda3/lib -arch x86_64 -arch x86_64 build/temp.macosx-10.7-x86_64-3.6/discH/src/pot_disc/pot_c_ext/rdens_law.o -o build/lib.macosx-10.7-x86_64-3.6/discH/src/pot_disc/pot_c_ext/rdens_law.so
building 'discH/src/pot_disc/pot_c_ext/rflare_law' extension
gcc-7 -Wno-unused-result -Wsign-compare -Wunreachable-code -DNDEBUG -g -fwrapv -O3 -Wall -Wstrict-prototypes -I/Users/Giuliano/anaconda3/include -arch x86_64 -I/Users/Giuliano/anaconda3/include -arch x86_64 -I/Users/Giuliano/anaconda3/lib/python3.6/site-packages/numpy/core/include -I/usr/local/Cellar/gsl/2.4/include -I/Users/Giuliano/anaconda3/include/python3.6m -c discH/src/pot_disc/pot_c_ext/rflare_law.c -o build/temp.macosx-10.7-x86_64-3.6/discH/src/pot_disc/pot_c_ext/rflare_law.o
gcc-7 -bundle -undefined dynamic_lookup -L/Users/Giuliano/anaconda3/lib -arch x86_64 -L/Users/Giuliano/anaconda3/lib -arch x86_64 -arch x86_64 build/temp.macosx-10.7-x86_64-3.6/discH/src/pot_disc/pot_c_ext/rflare_law.o -o build/lib.macosx-10.7-x86_64-3.6/discH/src/pot_disc/pot_c_ext/rflare_law.so
building 'discH/src/pot_halo/pot_c_ext/alfabeta_halo' extension
gcc-7 -Wno-unused-result -Wsign-compare -Wunreachable-code -DNDEBUG -g -fwrapv -O3 -Wall -Wstrict-prototypes -I/Users/Giuliano/anaconda3/include -arch x86_64 -I/Users/Giuliano/anaconda3/include -arch x86_64 -I/Users/Giuliano/anaconda3/lib/python3.6/site-packages -I/Users/Giuliano/anaconda3/lib/python3.6/site-packages/numpy/core/include -I/usr/local/Cellar/gsl/2.4/include -I/Users/Giuliano/anaconda3/include/python3.6m -c discH/src/pot_halo/pot_c_ext/alfabeta_halo.c -o build/temp.macosx-10.7-x86_64-3.6/discH/src/pot_halo/pot_c_ext/alfabeta_halo.o
gcc-7 -bundle -undefined dynamic_lookup -L/Users/Giuliano/anaconda3/lib -arch x86_64 -L/Users/Giuliano/anaconda3/lib -arch x86_64 -arch x86_64 build/temp.macosx-10.7-x86_64-3.6/discH/src/pot_halo/pot_c_ext/alfabeta_halo.o -L/usr/local/Cellar/gsl/2.4/lib -lgsl -lgslcblas -o build/lib.macosx-10.7-x86_64-3.6/discH/src/pot_halo/pot_c_ext/alfabeta_halo.so
building 'discH/src/pot_halo/pot_c_ext/plummer_halo' extension
gcc-7 -Wno-unused-result -Wsign-compare -Wunreachable-code -DNDEBUG -g -fwrapv -O3 -Wall -Wstrict-prototypes -I/Users/Giuliano/anaconda3/include -arch x86_64 -I/Users/Giuliano/anaconda3/include -arch x86_64 -I/Users/Giuliano/anaconda3/lib/python3.6/site-packages/numpy/core/include -I/usr/local/Cellar/gsl/2.4/include -I/Users/Giuliano/anaconda3/include/python3.6m -c discH/src/pot_halo/pot_c_ext/plummer_halo.c -o build/temp.macosx-10.7-x86_64-3.6/discH/src/pot_halo/pot_c_ext/plummer_halo.o
gcc-7 -bundle -undefined dynamic_lookup -L/Users/Giuliano/anaconda3/lib -arch x86_64 -L/Users/Giuliano/anaconda3/lib -arch x86_64 -arch x86_64 build/temp.macosx-10.7-x86_64-3.6/discH/src/pot_halo/pot_c_ext/plummer_halo.o -o build/lib.macosx-10.7-x86_64-3.6/discH/src/pot_halo/pot_c_ext/plummer_halo.so
building 'discH/src/pot_halo/pot_c_ext/einasto_halo' extension
gcc-7 -Wno-unused-result -Wsign-compare -Wunreachable-code -DNDEBUG -g -fwrapv -O3 -Wall -Wstrict-prototypes -I/Users/Giuliano/anaconda3/include -arch x86_64 -I/Users/Giuliano/anaconda3/include -arch x86_64 -I/Users/Giuliano/anaconda3/lib/python3.6/site-packages -I/Users/Giuliano/anaconda3/lib/python3.6/site-packages/numpy/core/include -I/usr/local/Cellar/gsl/2.4/include -I/Users/Giuliano/anaconda3/include/python3.6m -c discH/src/pot_halo/pot_c_ext/einasto_halo.c -o build/temp.macosx-10.7-x86_64-3.6/discH/src/pot_halo/pot_c_ext/einasto_halo.o
gcc-7 -bundle -undefined dynamic_lookup -L/Users/Giuliano/anaconda3/lib -arch x86_64 -L/Users/Giuliano/anaconda3/lib -arch x86_64 -arch x86_64 build/temp.macosx-10.7-x86_64-3.6/discH/src/pot_halo/pot_c_ext/einasto_halo.o -L/usr/local/Cellar/gsl/2.4/lib -lgsl -lgslcblas -o build/lib.macosx-10.7-x86_64-3.6/discH/src/pot_halo/pot_c_ext/einasto_halo.so
building 'discH/src/pot_halo/pot_c_ext/valy_halo' extension
gcc-7 -Wno-unused-result -Wsign-compare -Wunreachable-code -DNDEBUG -g -fwrapv -O3 -Wall -Wstrict-prototypes -I/Users/Giuliano/anaconda3/include -arch x86_64 -I/Users/Giuliano/anaconda3/include -arch x86_64 -I/Users/Giuliano/anaconda3/lib/python3.6/site-packages/numpy/core/include -I/usr/local/Cellar/gsl/2.4/include -I/Users/Giuliano/anaconda3/include/python3.6m -c discH/src/pot_halo/pot_c_ext/valy_halo.c -o build/temp.macosx-10.7-x86_64-3.6/discH/src/pot_halo/pot_c_ext/valy_halo.o
gcc-7 -bundle -undefined dynamic_lookup -L/Users/Giuliano/anaconda3/lib -arch x86_64 -L/Users/Giuliano/anaconda3/lib -arch x86_64 -arch x86_64 build/temp.macosx-10.7-x86_64-3.6/discH/src/pot_halo/pot_c_ext/valy_halo.o -o build/lib.macosx-10.7-x86_64-3.6/discH/src/pot_halo/pot_c_ext/valy_halo.so
building 'discH/src/pot_disc/pot_c_ext/zdens_law' extension
gcc-7 -Wno-unused-result -Wsign-compare -Wunreachable-code -DNDEBUG -g -fwrapv -O3 -Wall -Wstrict-prototypes -I/Users/Giuliano/anaconda3/include -arch x86_64 -I/Users/Giuliano/anaconda3/include -arch x86_64 -I/Users/Giuliano/anaconda3/lib/python3.6/site-packages/numpy/core/include -I/usr/local/Cellar/gsl/2.4/include -I/Users/Giuliano/anaconda3/include/python3.6m -c discH/src/pot_disc/pot_c_ext/zdens_law.c -o build/temp.macosx-10.7-x86_64-3.6/discH/src/pot_disc/pot_c_ext/zdens_law.o
gcc-7 -bundle -undefined dynamic_lookup -L/Users/Giuliano/anaconda3/lib -arch x86_64 -L/Users/Giuliano/anaconda3/lib -arch x86_64 -arch x86_64 build/temp.macosx-10.7-x86_64-3.6/discH/src/pot_disc/pot_c_ext/zdens_law.o -o build/lib.macosx-10.7-x86_64-3.6/discH/src/pot_disc/pot_c_ext/zdens_law.so
building 'discH/src/pot_disc/pot_c_ext/integrand_vcirc' extension
gcc-7 -Wno-unused-result -Wsign-compare -Wunreachable-code -DNDEBUG -g -fwrapv -O3 -Wall -Wstrict-prototypes -I/Users/Giuliano/anaconda3/include -arch x86_64 -I/Users/Giuliano/anaconda3/include -arch x86_64 -I/Users/Giuliano/anaconda3/lib/python3.6/site-packages/numpy/core/include -I/usr/local/Cellar/gsl/2.4/include -I/Users/Giuliano/anaconda3/include/python3.6m -c discH/src/pot_disc/pot_c_ext/integrand_vcirc.c -o build/temp.macosx-10.7-x86_64-3.6/discH/src/pot_disc/pot_c_ext/integrand_vcirc.o
gcc-7 -bundle -undefined dynamic_lookup -L/Users/Giuliano/anaconda3/lib -arch x86_64 -L/Users/Giuliano/anaconda3/lib -arch x86_64 -arch x86_64 build/temp.macosx-10.7-x86_64-3.6/discH/src/pot_disc/pot_c_ext/integrand_vcirc.o -o build/lib.macosx-10.7-x86_64-3.6/discH/src/pot_disc/pot_c_ext/integrand_vcirc.so
creating build/bdist.macosx-10.7-x86_64
creating build/bdist.macosx-10.7-x86_64/egg
creating build/bdist.macosx-10.7-x86_64/egg/discH
copying build/lib.macosx-10.7-x86_64-3.6/discH/__init__.py -> build/bdist.macosx-10.7-x86_64/egg/discH
copying build/lib.macosx-10.7-x86_64-3.6/discH/dynamic_component.py -> build/bdist.macosx-10.7-x86_64/egg/discH
copying build/lib.macosx-10.7-x86_64-3.6/discH/dynamics.py -> build/bdist.macosx-10.7-x86_64/egg/discH
creating build/bdist.macosx-10.7-x86_64/egg/discH/src
copying build/lib.macosx-10.7-x86_64-3.6/discH/src/__init__.py -> build/bdist.macosx-10.7-x86_64/egg/discH/src
creating build/bdist.macosx-10.7-x86_64/egg/discH/src/discHeight
copying build/lib.macosx-10.7-x86_64-3.6/discH/src/discHeight/__init__.py -> build/bdist.macosx-10.7-x86_64/egg/discH/src/discHeight
creating build/bdist.macosx-10.7-x86_64/egg/discH/src/discHeight/c_ext
copying build/lib.macosx-10.7-x86_64-3.6/discH/src/discHeight/c_ext/__init__.py -> build/bdist.macosx-10.7-x86_64/egg/discH/src/discHeight/c_ext
copying build/lib.macosx-10.7-x86_64-3.6/discH/src/discHeight/c_ext/fitlib.py -> build/bdist.macosx-10.7-x86_64/egg/discH/src/discHeight/c_ext
copying build/lib.macosx-10.7-x86_64-3.6/discH/src/discHeight/c_ext/utility.py -> build/bdist.macosx-10.7-x86_64/egg/discH/src/discHeight/c_ext
copying build/lib.macosx-10.7-x86_64-3.6/discH/src/discHeight/discHeight.py -> build/bdist.macosx-10.7-x86_64/egg/discH/src/discHeight
creating build/bdist.macosx-10.7-x86_64/egg/discH/src/fitlib
copying build/lib.macosx-10.7-x86_64-3.6/discH/src/fitlib/__init__.py -> build/bdist.macosx-10.7-x86_64/egg/discH/src/fitlib
copying build/lib.macosx-10.7-x86_64-3.6/discH/src/fitlib/fitlib.py -> build/bdist.macosx-10.7-x86_64/egg/discH/src/fitlib
creating build/bdist.macosx-10.7-x86_64/egg/discH/src/galpotential
copying build/lib.macosx-10.7-x86_64-3.6/discH/src/galpotential/__init__.py -> build/bdist.macosx-10.7-x86_64/egg/discH/src/galpotential
copying build/lib.macosx-10.7-x86_64-3.6/discH/src/galpotential/galpotential.py -> build/bdist.macosx-10.7-x86_64/egg/discH/src/galpotential
creating build/bdist.macosx-10.7-x86_64/egg/discH/src/pardo
copying build/lib.macosx-10.7-x86_64-3.6/discH/src/pardo/__init__.py -> build/bdist.macosx-10.7-x86_64/egg/discH/src/pardo
copying build/lib.macosx-10.7-x86_64-3.6/discH/src/pardo/Pardo.py -> build/bdist.macosx-10.7-x86_64/egg/discH/src/pardo
creating build/bdist.macosx-10.7-x86_64/egg/discH/src/pot_disc
copying build/lib.macosx-10.7-x86_64-3.6/discH/src/pot_disc/__init__.py -> build/bdist.macosx-10.7-x86_64/egg/discH/src/pot_disc
creating build/bdist.macosx-10.7-x86_64/egg/discH/src/pot_disc/pot_c_ext
copying build/lib.macosx-10.7-x86_64-3.6/discH/src/pot_disc/pot_c_ext/__init__.py -> build/bdist.macosx-10.7-x86_64/egg/discH/src/pot_disc/pot_c_ext
copying build/lib.macosx-10.7-x86_64-3.6/discH/src/pot_disc/pot_c_ext/integrand_functions.so -> build/bdist.macosx-10.7-x86_64/egg/discH/src/pot_disc/pot_c_ext
copying build/lib.macosx-10.7-x86_64-3.6/discH/src/pot_disc/pot_c_ext/integrand_vcirc.so -> build/bdist.macosx-10.7-x86_64/egg/discH/src/pot_disc/pot_c_ext
copying build/lib.macosx-10.7-x86_64-3.6/discH/src/pot_disc/pot_c_ext/model_option.py -> build/bdist.macosx-10.7-x86_64/egg/discH/src/pot_disc/pot_c_ext
copying build/lib.macosx-10.7-x86_64-3.6/discH/src/pot_disc/pot_c_ext/rdens_law.so -> build/bdist.macosx-10.7-x86_64/egg/discH/src/pot_disc/pot_c_ext
copying build/lib.macosx-10.7-x86_64-3.6/discH/src/pot_disc/pot_c_ext/rflare_law.so -> build/bdist.macosx-10.7-x86_64/egg/discH/src/pot_disc/pot_c_ext
copying build/lib.macosx-10.7-x86_64-3.6/discH/src/pot_disc/pot_c_ext/zdens_law.so -> build/bdist.macosx-10.7-x86_64/egg/discH/src/pot_disc/pot_c_ext
copying build/lib.macosx-10.7-x86_64-3.6/discH/src/pot_disc/pot_disc.py -> build/bdist.macosx-10.7-x86_64/egg/discH/src/pot_disc
creating build/bdist.macosx-10.7-x86_64/egg/discH/src/pot_halo
copying build/lib.macosx-10.7-x86_64-3.6/discH/src/pot_halo/__init__.py -> build/bdist.macosx-10.7-x86_64/egg/discH/src/pot_halo
creating build/bdist.macosx-10.7-x86_64/egg/discH/src/pot_halo/pot_c_ext
copying build/lib.macosx-10.7-x86_64-3.6/discH/src/pot_halo/pot_c_ext/__init__.py -> build/bdist.macosx-10.7-x86_64/egg/discH/src/pot_halo/pot_c_ext
copying build/lib.macosx-10.7-x86_64-3.6/discH/src/pot_halo/pot_c_ext/alfabeta_halo.so -> build/bdist.macosx-10.7-x86_64/egg/discH/src/pot_halo/pot_c_ext
copying build/lib.macosx-10.7-x86_64-3.6/discH/src/pot_halo/pot_c_ext/einasto_halo.so -> build/bdist.macosx-10.7-x86_64/egg/discH/src/pot_halo/pot_c_ext
copying build/lib.macosx-10.7-x86_64-3.6/discH/src/pot_halo/pot_c_ext/general_halo.so -> build/bdist.macosx-10.7-x86_64/egg/discH/src/pot_halo/pot_c_ext
copying build/lib.macosx-10.7-x86_64-3.6/discH/src/pot_halo/pot_c_ext/isothermal_halo.so -> build/bdist.macosx-10.7-x86_64/egg/discH/src/pot_halo/pot_c_ext
copying build/lib.macosx-10.7-x86_64-3.6/discH/src/pot_halo/pot_c_ext/nfw_halo.so -> build/bdist.macosx-10.7-x86_64/egg/discH/src/pot_halo/pot_c_ext
copying build/lib.macosx-10.7-x86_64-3.6/discH/src/pot_halo/pot_c_ext/plummer_halo.so -> build/bdist.macosx-10.7-x86_64/egg/discH/src/pot_halo/pot_c_ext
copying build/lib.macosx-10.7-x86_64-3.6/discH/src/pot_halo/pot_c_ext/valy_halo.so -> build/bdist.macosx-10.7-x86_64/egg/discH/src/pot_halo/pot_c_ext
copying build/lib.macosx-10.7-x86_64-3.6/discH/src/pot_halo/pot_halo.py -> build/bdist.macosx-10.7-x86_64/egg/discH/src/pot_halo
byte-compiling build/bdist.macosx-10.7-x86_64/egg/discH/__init__.py to __init__.cpython-36.pyc
byte-compiling build/bdist.macosx-10.7-x86_64/egg/discH/dynamic_component.py to dynamic_component.cpython-36.pyc
byte-compiling build/bdist.macosx-10.7-x86_64/egg/discH/dynamics.py to dynamics.cpython-36.pyc
byte-compiling build/bdist.macosx-10.7-x86_64/egg/discH/src/__init__.py to __init__.cpython-36.pyc
byte-compiling build/bdist.macosx-10.7-x86_64/egg/discH/src/discHeight/__init__.py to __init__.cpython-36.pyc
byte-compiling build/bdist.macosx-10.7-x86_64/egg/discH/src/discHeight/c_ext/__init__.py to __init__.cpython-36.pyc
byte-compiling build/bdist.macosx-10.7-x86_64/egg/discH/src/discHeight/c_ext/fitlib.py to fitlib.cpython-36.pyc
byte-compiling build/bdist.macosx-10.7-x86_64/egg/discH/src/discHeight/c_ext/utility.py to utility.cpython-36.pyc
byte-compiling build/bdist.macosx-10.7-x86_64/egg/discH/src/discHeight/discHeight.py to discHeight.cpython-36.pyc
byte-compiling build/bdist.macosx-10.7-x86_64/egg/discH/src/fitlib/__init__.py to __init__.cpython-36.pyc
byte-compiling build/bdist.macosx-10.7-x86_64/egg/discH/src/fitlib/fitlib.py to fitlib.cpython-36.pyc
byte-compiling build/bdist.macosx-10.7-x86_64/egg/discH/src/galpotential/__init__.py to __init__.cpython-36.pyc
byte-compiling build/bdist.macosx-10.7-x86_64/egg/discH/src/galpotential/galpotential.py to galpotential.cpython-36.pyc
byte-compiling build/bdist.macosx-10.7-x86_64/egg/discH/src/pardo/__init__.py to __init__.cpython-36.pyc
byte-compiling build/bdist.macosx-10.7-x86_64/egg/discH/src/pardo/Pardo.py to Pardo.cpython-36.pyc
byte-compiling build/bdist.macosx-10.7-x86_64/egg/discH/src/pot_disc/__init__.py to __init__.cpython-36.pyc
byte-compiling build/bdist.macosx-10.7-x86_64/egg/discH/src/pot_disc/pot_c_ext/__init__.py to __init__.cpython-36.pyc
byte-compiling build/bdist.macosx-10.7-x86_64/egg/discH/src/pot_disc/pot_c_ext/model_option.py to model_option.cpython-36.pyc
byte-compiling build/bdist.macosx-10.7-x86_64/egg/discH/src/pot_disc/pot_disc.py to pot_disc.cpython-36.pyc
byte-compiling build/bdist.macosx-10.7-x86_64/egg/discH/src/pot_halo/__init__.py to __init__.cpython-36.pyc
byte-compiling build/bdist.macosx-10.7-x86_64/egg/discH/src/pot_halo/pot_c_ext/__init__.py to __init__.cpython-36.pyc
byte-compiling build/bdist.macosx-10.7-x86_64/egg/discH/src/pot_halo/pot_halo.py to pot_halo.cpython-36.pyc
creating stub loader for discH/src/pot_halo/pot_c_ext/general_halo.so
creating stub loader for discH/src/pot_halo/pot_c_ext/isothermal_halo.so
creating stub loader for discH/src/pot_halo/pot_c_ext/nfw_halo.so
creating stub loader for discH/src/pot_disc/pot_c_ext/integrand_functions.so
creating stub loader for discH/src/pot_disc/pot_c_ext/rdens_law.so
creating stub loader for discH/src/pot_disc/pot_c_ext/rflare_law.so
creating stub loader for discH/src/pot_halo/pot_c_ext/alfabeta_halo.so
creating stub loader for discH/src/pot_halo/pot_c_ext/plummer_halo.so
creating stub loader for discH/src/pot_halo/pot_c_ext/einasto_halo.so
creating stub loader for discH/src/pot_halo/pot_c_ext/valy_halo.so
creating stub loader for discH/src/pot_disc/pot_c_ext/zdens_law.so
creating stub loader for discH/src/pot_disc/pot_c_ext/integrand_vcirc.so
byte-compiling build/bdist.macosx-10.7-x86_64/egg/discH/src/pot_halo/pot_c_ext/general_halo.py to general_halo.cpython-36.pyc
byte-compiling build/bdist.macosx-10.7-x86_64/egg/discH/src/pot_halo/pot_c_ext/isothermal_halo.py to isothermal_halo.cpython-36.pyc
byte-compiling build/bdist.macosx-10.7-x86_64/egg/discH/src/pot_halo/pot_c_ext/nfw_halo.py to nfw_halo.cpython-36.pyc
byte-compiling build/bdist.macosx-10.7-x86_64/egg/discH/src/pot_disc/pot_c_ext/integrand_functions.py to integrand_functions.cpython-36.pyc
byte-compiling build/bdist.macosx-10.7-x86_64/egg/discH/src/pot_disc/pot_c_ext/rdens_law.py to rdens_law.cpython-36.pyc
byte-compiling build/bdist.macosx-10.7-x86_64/egg/discH/src/pot_disc/pot_c_ext/rflare_law.py to rflare_law.cpython-36.pyc
byte-compiling build/bdist.macosx-10.7-x86_64/egg/discH/src/pot_halo/pot_c_ext/alfabeta_halo.py to alfabeta_halo.cpython-36.pyc
byte-compiling build/bdist.macosx-10.7-x86_64/egg/discH/src/pot_halo/pot_c_ext/plummer_halo.py to plummer_halo.cpython-36.pyc
byte-compiling build/bdist.macosx-10.7-x86_64/egg/discH/src/pot_halo/pot_c_ext/einasto_halo.py to einasto_halo.cpython-36.pyc
byte-compiling build/bdist.macosx-10.7-x86_64/egg/discH/src/pot_halo/pot_c_ext/valy_halo.py to valy_halo.cpython-36.pyc
byte-compiling build/bdist.macosx-10.7-x86_64/egg/discH/src/pot_disc/pot_c_ext/zdens_law.py to zdens_law.cpython-36.pyc
byte-compiling build/bdist.macosx-10.7-x86_64/egg/discH/src/pot_disc/pot_c_ext/integrand_vcirc.py to integrand_vcirc.cpython-36.pyc
creating build/bdist.macosx-10.7-x86_64/egg/EGG-INFO
copying discH.egg-info/PKG-INFO -> build/bdist.macosx-10.7-x86_64/egg/EGG-INFO
copying discH.egg-info/SOURCES.txt -> build/bdist.macosx-10.7-x86_64/egg/EGG-INFO
copying discH.egg-info/dependency_links.txt -> build/bdist.macosx-10.7-x86_64/egg/EGG-INFO
copying discH.egg-info/requires.txt -> build/bdist.macosx-10.7-x86_64/egg/EGG-INFO
copying discH.egg-info/top_level.txt -> build/bdist.macosx-10.7-x86_64/egg/EGG-INFO
writing build/bdist.macosx-10.7-x86_64/egg/EGG-INFO/native_libs.txt
creating dist
creating 'dist/discH-3.3.0.dev0-py3.6-macosx-10.7-x86_64.egg' and adding 'build/bdist.macosx-10.7-x86_64/egg' to it
removing 'build/bdist.macosx-10.7-x86_64/egg' (and everything under it)
Processing discH-3.3.0.dev0-py3.6-macosx-10.7-x86_64.egg
removing '/Users/Giuliano/anaconda3/lib/python3.6/site-packages/discH-3.3.0.dev0-py3.6-macosx-10.7-x86_64.egg' (and everything under it)
creating /Users/Giuliano/anaconda3/lib/python3.6/site-packages/discH-3.3.0.dev0-py3.6-macosx-10.7-x86_64.egg
Extracting discH-3.3.0.dev0-py3.6-macosx-10.7-x86_64.egg to /Users/Giuliano/anaconda3/lib/python3.6/site-packages
discH 3.3.0.dev0 is already the active version in easy-install.pth

Installed /Users/Giuliano/anaconda3/lib/python3.6/site-packages/discH-3.3.0.dev0-py3.6-macosx-10.7-x86_64.egg
Processing dependencies for discH==3.3.0.dev0
Searching for emcee==2.2.1
Best match: emcee 2.2.1
Adding emcee 2.2.1 to easy-install.pth file

Using /Users/Giuliano/anaconda3/lib/python3.6/site-packages
Searching for matplotlib==2.1.1
Best match: matplotlib 2.1.1
Adding matplotlib 2.1.1 to easy-install.pth file

Using /Users/Giuliano/anaconda3/lib/python3.6/site-packages
Searching for scipy==1.0.0
Best match: scipy 1.0.0
Adding scipy 1.0.0 to easy-install.pth file

Using /Users/Giuliano/anaconda3/lib/python3.6/site-packages
Searching for numpy==1.13.3
Best match: numpy 1.13.3
Adding numpy 1.13.3 to easy-install.pth file

Using /Users/Giuliano/anaconda3/lib/python3.6/site-packages
Searching for pyparsing==2.2.0
Best match: pyparsing 2.2.0
Adding pyparsing 2.2.0 to easy-install.pth file

Using /Users/Giuliano/anaconda3/lib/python3.6/site-packages
Searching for cycler==0.10.0
Best match: cycler 0.10.0
Adding cycler 0.10.0 to easy-install.pth file

Using /Users/Giuliano/anaconda3/lib/python3.6/site-packages
Searching for pytz==2017.3
Best match: pytz 2017.3
Adding pytz 2017.3 to easy-install.pth file

Using /Users/Giuliano/anaconda3/lib/python3.6/site-packages
Searching for python-dateutil==2.6.1
Best match: python-dateutil 2.6.1
Adding python-dateutil 2.6.1 to easy-install.pth file

Using /Users/Giuliano/anaconda3/lib/python3.6/site-packages
Searching for six==1.11.0
Best match: six 1.11.0
Adding six 1.11.0 to easy-install.pth file

Using /Users/Giuliano/anaconda3/lib/python3.6/site-packages
Finished processing dependencies for discH==3.3.0.dev0
